Using pre-set license
Built from '2020.2/staging' branch; Version is '2020.2.7f1 (c53830e277f1) revision 12924976'; Using compiler version '192528614'; Build Type 'Release'
OS: 'Windows 10 Pro; OS build 19042.1586; Version 2009; 64bit' Language: 'es' Physical Memory: 12194 MB
BatchMode: 1, IsHumanControllingUs: 0, StartBugReporterOnCrash: 0, Is64bit: 1, IsPro: 0

 COMMAND LINE ARGUMENTS:
C:\Program Files\Unity\Hub\Editor\2020.2.7f1\Editor\Unity.exe
-adb2
-batchMode
-noUpm
-name
AssetImportWorker0
-projectPath
C:/Users/PC/Desktop/Raycasting/Raycasting
-logFile
Logs/AssetImportWorker0.log
-srvPort
63260
Successfully changed project path to: C:/Users/PC/Desktop/Raycasting/Raycasting
C:/Users/PC/Desktop/Raycasting/Raycasting
Using Asset Import Pipeline V2.
Refreshing native plugins compatible for Editor in 25.43 ms, found 0 plugins.
Preloading 0 native plugins for Editor in 0.00 ms.
Initialize engine version: 2020.2.7f1 (c53830e277f1)
[Subsystems] Discovering subsystems at path C:/Program Files/Unity/Hub/Editor/2020.2.7f1/Editor/Data/Resources/UnitySubsystems
[Subsystems] Discovering subsystems at path C:/Users/PC/Desktop/Raycasting/Raycasting/Assets
GfxDevice: creating device client; threaded=0
Direct3D:
    Version:  Direct3D 11.0 [level 11.0]
    Renderer: AMD Radeon HD 6670 (ID=0x6758)
    Vendor:   
    VRAM:     1008 MB
    Driver:   15.301.1901.0
Initialize mono
Mono path[0] = 'C:/Program Files/Unity/Hub/Editor/2020.2.7f1/Editor/Data/Managed'
Mono path[1] = 'C:/Program Files/Unity/Hub/Editor/2020.2.7f1/Editor/Data/MonoBleedingEdge/lib/mono/unityjit'
Mono config path = 'C:/Program Files/Unity/Hub/Editor/2020.2.7f1/Editor/Data/MonoBleedingEdge/etc'
Using monoOptions --debugger-agent=transport=dt_socket,embedding=1,server=y,suspend=n,address=127.0.0.1:56324
Begin MonoManager ReloadAssembly
Registering precompiled unity dll's ...
Register platform support module: C:/Program Files/Unity/Hub/Editor/2020.2.7f1/Editor/Data/PlaybackEngines/WindowsStandaloneSupport/UnityEditor.WindowsStandalone.Extensions.dll
Registered in 0.002778 seconds.
Native extension for WindowsStandalone target not found
Refreshing native plugins compatible for Editor in 35.32 ms, found 0 plugins.
Preloading 0 native plugins for Editor in 0.00 ms.
Invoked RoslynAnalysisRunner static constructor.
RoslynAnalysisRunner will not be running.
RoslynAnalysisRunner has terminated.
Mono: successfully reloaded assembly
- Completed reload, in  2.525 seconds
Platform modules already initialized, skipping
Registering precompiled user dll's ...
Registered in 0.001541 seconds.
Begin MonoManager ReloadAssembly
Native extension for WindowsStandalone target not found
Refreshing native plugins compatible for Editor in 0.40 ms, found 0 plugins.
Preloading 0 native plugins for Editor in 0.00 ms.
Invoked RoslynAnalysisRunner static constructor.
RoslynAnalysisRunner will not be running.
RoslynAnalysisRunner has terminated.
Mono: successfully reloaded assembly
- Completed reload, in  1.575 seconds
Platform modules already initialized, skipping
========================================================================
Worker process is ready to serve import requests
Launched and connected shader compiler UnityShaderCompiler.exe after 0.16 seconds
Refreshing native plugins compatible for Editor in 0.25 ms, found 0 plugins.
Preloading 0 native plugins for Editor in 0.00 ms.
Unloading 1115 Unused Serialized files (Serialized files now loaded: 0)
System memory in use before: 57.0 MB.
System memory in use after: 57.1 MB.

Unloading 9 unused Assets to reduce memory usage. Loaded Objects now: 1558.
Total: 5.035500 ms (FindLiveObjects: 0.148900 ms CreateObjectMapping: 0.046000 ms MarkObjects: 4.747700 ms  DeleteObjects: 0.091700 ms)

========================================================================
Received Import Request.
  path: Assets/Scrips/CameraRaycast.cs
  artifactKey: Guid(3a39e47d090ce5c4ca910d22ec382c52) Importer(815301076,1909f56bfc062723c751e8b465ee728b)
Start importing Assets/Scrips/CameraRaycast.cs using Guid(3a39e47d090ce5c4ca910d22ec382c52) Importer(815301076,1909f56bfc062723c751e8b465ee728b)  -> (artifact id: 'd1768be3909775739ed5c1a329388012') in 0.033152 seconds
  Import took 0.225907 seconds .

========================================================================
Received Prepare
Registering precompiled user dll's ...
Registered in 0.001706 seconds.
Begin MonoManager ReloadAssembly
Native extension for WindowsStandalone target not found
Refreshing native plugins compatible for Editor in 0.26 ms, found 0 plugins.
Preloading 0 native plugins for Editor in 0.00 ms.
Invoked RoslynAnalysisRunner static constructor.
RoslynAnalysisRunner will not be running.
RoslynAnalysisRunner has terminated.
Mono: successfully reloaded assembly
- Completed reload, in  1.068 seconds
Platform modules already initialized, skipping
Refreshing native plugins compatible for Editor in 0.24 ms, found 0 plugins.
Preloading 0 native plugins for Editor in 0.00 ms.
Unloading 1110 Unused Serialized files (Serialized files now loaded: 0)
System memory in use before: 57.0 MB.
System memory in use after: 57.0 MB.

Unloading 4 unused Assets to reduce memory usage. Loaded Objects now: 1561.
Total: 2.240400 ms (FindLiveObjects: 0.159100 ms CreateObjectMapping: 0.104300 ms MarkObjects: 1.953600 ms  DeleteObjects: 0.021700 ms)

========================================================================
Received Import Request.
  Time since last request: 2339.418141 seconds.
  path: Assets/Scrips/CameraRaycast.cs
  artifactKey: Guid(3a39e47d090ce5c4ca910d22ec382c52) Importer(815301076,1909f56bfc062723c751e8b465ee728b)
Start importing Assets/Scrips/CameraRaycast.cs using Guid(3a39e47d090ce5c4ca910d22ec382c52) Importer(815301076,1909f56bfc062723c751e8b465ee728b)  -> (artifact id: '585ce05028cc168050d2e637fd4acabc') in 0.010369 seconds
  Import took 0.012733 seconds .

========================================================================
Received Import Request.
  Time since last request: 26.285726 seconds.
  path: ProjectSettings/TagManager.asset
  artifactKey: Guid(00000000000000003000000000000000) Importer(815301076,1909f56bfc062723c751e8b465ee728b)
Start importing ProjectSettings/TagManager.asset using Guid(00000000000000003000000000000000) Importer(815301076,1909f56bfc062723c751e8b465ee728b)  -> (artifact id: '0202c031e47f6e93b4717679f4132bfb') in 0.098882 seconds
  Import took 0.101595 seconds .

========================================================================
Received Import Request.
  Time since last request: 49.878648 seconds.
  path: Assets/Materials/New Material.mat
  artifactKey: Guid(3c1c0bd9190569d4da98a0d74521d730) Importer(815301076,1909f56bfc062723c751e8b465ee728b)
Start importing Assets/Materials/New Material.mat using Guid(3c1c0bd9190569d4da98a0d74521d730) Importer(815301076,1909f56bfc062723c751e8b465ee728b)  -> (artifact id: '9543939e9d28eec1f8c18f4f43ae9459') in 0.245683 seconds
  Import took 0.248604 seconds .

========================================================================
Received Import Request.
  Time since last request: 24.768831 seconds.
  path: Assets/Materials
  artifactKey: Guid(760415703ad4232479db25bde997e7ff) Importer(815301076,1909f56bfc062723c751e8b465ee728b)
Start importing Assets/Materials using Guid(760415703ad4232479db25bde997e7ff) Importer(815301076,1909f56bfc062723c751e8b465ee728b)  -> (artifact id: 'b8034da5c665b2d4c0ba7ca3eadc3513') in 0.016314 seconds
  Import took 0.050446 seconds .

========================================================================
Received Import Request.
  Time since last request: 4.992285 seconds.
  path: Assets/Materials/New Material 1.mat
  artifactKey: Guid(479dadc85bfc9554e96221b100ebf371) Importer(815301076,1909f56bfc062723c751e8b465ee728b)
Start importing Assets/Materials/New Material 1.mat using Guid(479dadc85bfc9554e96221b100ebf371) Importer(815301076,1909f56bfc062723c751e8b465ee728b)  -> (artifact id: '08180e43ec42dba04447c67e41021d0f') in 0.049032 seconds
  Import took 0.083202 seconds .

========================================================================
Received Prepare
Registering precompiled user dll's ...
Registered in 0.001029 seconds.
Begin MonoManager ReloadAssembly
Native extension for WindowsStandalone target not found
Refreshing native plugins compatible for Editor in 0.25 ms, found 0 plugins.
Preloading 0 native plugins for Editor in 0.00 ms.
Invoked RoslynAnalysisRunner static constructor.
RoslynAnalysisRunner will not be running.
RoslynAnalysisRunner has terminated.
Mono: successfully reloaded assembly
- Completed reload, in  1.115 seconds
Platform modules already initialized, skipping
Refreshing native plugins compatible for Editor in 0.24 ms, found 0 plugins.
Preloading 0 native plugins for Editor in 0.00 ms.
Unloading 1110 Unused Serialized files (Serialized files now loaded: 0)
System memory in use before: 60.3 MB.
System memory in use after: 60.4 MB.

Unloading 5 unused Assets to reduce memory usage. Loaded Objects now: 1604.
Total: 2.012000 ms (FindLiveObjects: 0.152400 ms CreateObjectMapping: 0.044200 ms MarkObjects: 1.796300 ms  DeleteObjects: 0.017200 ms)

========================================================================
Received Prepare
Registering precompiled user dll's ...
Registered in 0.000907 seconds.
Begin MonoManager ReloadAssembly
Native extension for WindowsStandalone target not found
Refreshing native plugins compatible for Editor in 0.27 ms, found 0 plugins.
Preloading 0 native plugins for Editor in 0.00 ms.
Invoked RoslynAnalysisRunner static constructor.
RoslynAnalysisRunner will not be running.
RoslynAnalysisRunner has terminated.
Mono: successfully reloaded assembly
- Completed reload, in  1.256 seconds
Platform modules already initialized, skipping
Refreshing native plugins compatible for Editor in 0.24 ms, found 0 plugins.
Preloading 0 native plugins for Editor in 0.00 ms.
Unloading 1110 Unused Serialized files (Serialized files now loaded: 0)
System memory in use before: 60.3 MB.
System memory in use after: 60.4 MB.

Unloading 4 unused Assets to reduce memory usage. Loaded Objects now: 1607.
Total: 1.824900 ms (FindLiveObjects: 0.186900 ms CreateObjectMapping: 0.049100 ms MarkObjects: 1.567000 ms  DeleteObjects: 0.015400 ms)

========================================================================
Received Prepare
Registering precompiled user dll's ...
Registered in 0.000925 seconds.
Begin MonoManager ReloadAssembly
Native extension for WindowsStandalone target not found
Refreshing native plugins compatible for Editor in 0.30 ms, found 0 plugins.
Preloading 0 native plugins for Editor in 0.00 ms.
Invoked RoslynAnalysisRunner static constructor.
RoslynAnalysisRunner will not be running.
RoslynAnalysisRunner has terminated.
Mono: successfully reloaded assembly
- Completed reload, in  1.349 seconds
Platform modules already initialized, skipping
Refreshing native plugins compatible for Editor in 0.26 ms, found 0 plugins.
Preloading 0 native plugins for Editor in 0.00 ms.
Unloading 1110 Unused Serialized files (Serialized files now loaded: 0)
System memory in use before: 60.3 MB.
System memory in use after: 60.4 MB.

Unloading 4 unused Assets to reduce memory usage. Loaded Objects now: 1610.
Total: 1.713200 ms (FindLiveObjects: 0.161700 ms CreateObjectMapping: 0.045900 ms MarkObjects: 1.487200 ms  DeleteObjects: 0.017000 ms)

========================================================================
Received Import Request.
  Time since last request: 362.846008 seconds.
  path: Assets/Materials/PlayerColor.mat
  artifactKey: Guid(5c4866a4cbe9d5f459e05bb21459f22e) Importer(815301076,1909f56bfc062723c751e8b465ee728b)
Start importing Assets/Materials/PlayerColor.mat using Guid(5c4866a4cbe9d5f459e05bb21459f22e) Importer(815301076,1909f56bfc062723c751e8b465ee728b)  -> (artifact id: '36a27a67b06da3f4bda1c51e241f25e4') in 0.089369 seconds
  Import took 0.091972 seconds .

AssetImportWorkerClient::OnTransportError - code=2 error=End of file
